#
# There is insufficient memory for the Java Runtime Environment to continue.
# Native memory allocation (mmap) failed to map 268435456 bytes for Failed to commit area from 0x0000000701e00000 to 0x0000000711e00000 of length 268435456.
# Possible reasons:
#   The system is out of physical RAM or swap space
#   The process is running with CompressedOops enabled, and the Java Heap may be blocking the growth of the native heap
# Possible solutions:
#   Reduce memory load on the system
#   Increase physical memory or swap space
#   Check if swap backing store is full
#   Decrease Java heap size (-Xmx/-Xms)
#   Decrease number of Java threads
#   Decrease Java thread stack sizes (-Xss)
#   Set larger code cache with -XX:ReservedCodeCacheSize=
# This output file may be truncated or incomplete.
#
#  Out of Memory Error (./src/hotspot/os/windows/os_windows.cpp:3521), pid=70452, tid=70228
#
# JRE version:  (11.0.12+7) (build )
# Java VM: OpenJDK 64-Bit Server VM (11.0.12+7-b1504.40, mixed mode, sharing, tiered, compressed oops, g1 gc, windows-amd64)
# No core dump will be written. Minidumps are not enabled by default on client versions of Windows
#

---------------  S U M M A R Y ------------

Command Line: git4idea.http.GitAskPassApp Username for 'https://gitee.com': 

Host: Intel(R) Pentium(R) Gold G5400 CPU @ 3.70GHz, 4 cores, 15G,  Windows 10 , 64 bit Build 17763 (10.0.17763.2686)
Time: Fri Apr  8 18:02:59 2022 ?D1¨²¡À¨º¡Á?¨º¡À?? elapsed time: 0.028783 seconds (0d 0h 0m 0s)

---------------  T H R E A D  ---------------

Current thread (0x000001da1b2bf800):  JavaThread "Unknown thread" [_thread_in_vm, id=70228, stack(0x000000c175000000,0x000000c175100000)]

Stack: [0x000000c175000000,0x000000c175100000]
Native frames: (J=compiled Java code, j=interpreted, Vv=VM code, C=native code)
V  [jvm.dll+0x5ff40a]
V  [jvm.dll+0x783b65]
V  [jvm.dll+0x78517d]
V  [jvm.dll+0x785833]
V  [jvm.dll+0x249408]
V  [jvm.dll+0x5fc7f4]
V  [jvm.dll+0x5f13c5]
V  [jvm.dll+0x3076bb]
V  [jvm.dll+0x30762a]
V  [jvm.dll+0x307502]
V  [jvm.dll+0x30c466]
V  [jvm.dll+0x355543]
V  [jvm.dll+0x355c46]
V  [jvm.dll+0x355643]
V  [jvm.dll+0x2e2018]
V  [jvm.dll+0x2e31c7]
V  [jvm.dll+0x761f57]
V  [jvm.dll+0x76374c]
V  [jvm.dll+0x362ab9]
V  [jvm.dll+0x7455be]
V  [jvm.dll+0x3cb673]
V  [jvm.dll+0x3cda21]
C  [jli.dll+0x536b]
C  [ucrtbase.dll+0x2268a]
C  [KERNEL32.DLL+0x17974]
C  [ntdll.dll+0x5a2f1]


---------------  P R O C E S S  ---------------

Threads class SMR info:
_java_thread_list=0x000001da198b0a30, length=0, elements={
}

Java Threads: ( => current thread )

Other Threads:
  0x000001da1b2d9800 GCTaskThread "GC Thread#0" [stack: 0x000000c175100000,0x000000c175200000] [id=70268]
  0x000001da1b334000 ConcurrentGCThread "G1 Main Marker" [stack: 0x000000c175200000,0x000000c175300000] [id=70284]
  0x000001da1b335000 ConcurrentGCThread "G1 Conc#0" [stack: 0x000000c175300000,0x000000c175400000] [id=69788]

[error occurred during error reporting (printing all threads), id 0xc0000005, EXCEPTION_ACCESS_VIOLATION (0xc0000005) at pc=0x00007ffa840027a7]

VM state:not at safepoint (not fully initialized)

VM Mutex/Monitor currently owned by a thread:  ([mutex/lock_event])
[0x000001da1b2bb850] Heap_lock - owner thread: 0x000001da1b2bf800

Heap address: 0x0000000701e00000, size: 4066 MB, Compressed Oops mode: Non-zero based: 0x0000000701e00000
Narrow klass base: 0x0000000000000000, Narrow klass shift: 0

GC Heap History (0 events):
No events

Deoptimization events (0 events):
No events

Classes redefined (0 events):
No events

Internal exceptions (0 events):
No events

Events (1 events):
Event: 0.014 Loaded shared library C:\Program Files\JetBrains\PhpStorm 2021.2.3\jbr\bin\zip.dll


Dynamic libraries:
0x00007ff7f57a0000 - 0x00007ff7f57aa000 	C:\Program Files\JetBrains\PhpStorm 2021.2.3\jbr\bin\java.exe
0x00007ffab8190000 - 0x00007ffab837d000 	C:\Windows\SYSTEM32\ntdll.dll
0x00007ffab7790000 - 0x00007ffab7844000 	C:\Windows\System32\KERNEL32.DLL
0x00007ffab42c0000 - 0x00007ffab4554000 	C:\Windows\System32\KERNELBASE.dll
0x00007ffab52c0000 - 0x00007ffab53ba000 	C:\Windows\System32\ucrtbase.dll
0x00007ffa92d70000 - 0x00007ffa92d87000 	C:\Program Files\JetBrains\PhpStorm 2021.2.3\jbr\bin\VCRUNTIME140.dll
0x00007ffaa3060000 - 0x00007ffaa3079000 	C:\Program Files\JetBrains\PhpStorm 2021.2.3\jbr\bin\jli.dll
0x00007ffab7850000 - 0x00007ffab79e7000 	C:\Windows\System32\USER32.dll
0x00007ffab52a0000 - 0x00007ffab52c0000 	C:\Windows\System32\win32u.dll
0x00007ffab5470000 - 0x00007ffab5499000 	C:\Windows\System32\GDI32.dll
0x00007ffaa17a0000 - 0x00007ffaa1a19000 	C:\Windows\WinSxS\amd64_microsoft.windows.common-controls_6595b64144ccf1df_6.0.17763.2686_none_de755d285347a0fe\COMCTL32.dll
0x00007ffab4f40000 - 0x00007ffab50dc000 	C:\Windows\System32\gdi32full.dll
0x00007ffab7a80000 - 0x00007ffab7b1e000 	C:\Windows\System32\msvcrt.dll
0x00007ffab5200000 - 0x00007ffab52a0000 	C:\Windows\System32\msvcp_win.dll
0x00007ffab7350000 - 0x00007ffab767d000 	C:\Windows\System32\combase.dll
0x00007ffab5620000 - 0x00007ffab573d000 	C:\Windows\System32\RPCRT4.dll
0x00007ffab4eb0000 - 0x00007ffab4f32000 	C:\Windows\System32\bcryptPrimitives.dll
0x00007ffab79f0000 - 0x00007ffab7a1e000 	C:\Windows\System32\IMM32.DLL
0x000000005aaf0000 - 0x000000005aafc000 	C:\Program Files (x86)\360\360Safe8287968\360Safe\safemon\SafeWrapper.dll
0x00007ffab80b0000 - 0x00007ffab8157000 	C:\Windows\System32\ADVAPI32.dll
0x00007ffab76f0000 - 0x00007ffab778f000 	C:\Windows\System32\sechost.dll
0x00007ffa7dd20000 - 0x00007ffa7ddb2000 	C:\Program Files (x86)\360\360Safe8287968\360Safe\safemon\libzdtp64.dll
0x00007ffab5810000 - 0x00007ffab6d09000 	C:\Windows\System32\SHELL32.dll
0x00007ffab51b0000 - 0x00007ffab51fa000 	C:\Windows\System32\cfgmgr32.dll
0x00007ffab7fa0000 - 0x00007ffab8048000 	C:\Windows\System32\shcore.dll
0x00007ffab4560000 - 0x00007ffab4ca8000 	C:\Windows\System32\windows.storage.dll
0x00007ffab4190000 - 0x00007ffab41b4000 	C:\Windows\System32\profapi.dll
0x00007ffab41c0000 - 0x00007ffab421d000 	C:\Windows\System32\powrprof.dll
0x00007ffab8050000 - 0x00007ffab80a2000 	C:\Windows\System32\shlwapi.dll
0x00007ffab4170000 - 0x00007ffab4181000 	C:\Windows\System32\kernel.appcore.dll
0x00007ffab50e0000 - 0x00007ffab50f7000 	C:\Windows\System32\cryptsp.dll
0x00007ffab3d40000 - 0x00007ffab3d4a000 	C:\Windows\SYSTEM32\VERSION.dll
0x00007ffa79320000 - 0x00007ffa793bd000 	C:\Program Files\JetBrains\PhpStorm 2021.2.3\jbr\bin\msvcp140.dll
0x00007ffa83d10000 - 0x00007ffa84868000 	C:\Program Files\JetBrains\PhpStorm 2021.2.3\jbr\bin\server\jvm.dll
0x00007ffab76e0000 - 0x00007ffab76e8000 	C:\Windows\System32\PSAPI.DLL
0x00007ffab0510000 - 0x00007ffab0519000 	C:\Windows\SYSTEM32\WSOCK32.dll
0x00007ffab72e0000 - 0x00007ffab734d000 	C:\Windows\System32\WS2_32.dll
0x00007ffab1ef0000 - 0x00007ffab1f14000 	C:\Windows\SYSTEM32\WINMM.dll
0x00007ffab1ec0000 - 0x00007ffab1eed000 	C:\Windows\SYSTEM32\WINMMBASE.dll
0x00007ffaa5120000 - 0x00007ffaa5131000 	C:\Program Files\JetBrains\PhpStorm 2021.2.3\jbr\bin\verify.dll
0x00007ffa9e780000 - 0x00007ffa9e96d000 	C:\Windows\SYSTEM32\DBGHELP.DLL
0x00007ffa99ba0000 - 0x00007ffa99bca000 	C:\Windows\SYSTEM32\dbgcore.DLL
0x00007ffaa3440000 - 0x00007ffaa3469000 	C:\Program Files\JetBrains\PhpStorm 2021.2.3\jbr\bin\java.dll
0x00007ffaa6110000 - 0x00007ffaa611b000 	C:\Program Files\JetBrains\PhpStorm 2021.2.3\jbr\bin\jimage.dll
0x00007ffaa3040000 - 0x00007ffaa3058000 	C:\Program Files\JetBrains\PhpStorm 2021.2.3\jbr\bin\zip.dll

dbghelp: loaded successfully - version: 4.0.5 - missing functions: none
symbol engine: initialized successfully - sym options: 0x614 - pdb path: .;C:\Program Files\JetBrains\PhpStorm 2021.2.3\jbr\bin;C:\Windows\SYSTEM32;C:\Windows\WinSxS\amd64_microsoft.windows.common-controls_6595b64144ccf1df_6.0.17763.2686_none_de755d285347a0fe;C:\Program Files (x86)\360\360Safe8287968\360Safe\safemon;C:\Program Files\JetBrains\PhpStorm 2021.2.3\jbr\bin\server

VM Arguments:
java_command: git4idea.http.GitAskPassApp Username for 'https://gitee.com': 
java_class_path (initial): C:/Program Files/JetBrains/PhpStorm 2021.2.3/plugins/git4idea/lib/git4idea-rt.jar;C:/Program Files/JetBrains/PhpStorm 2021.2.3/lib/3rd-party.jar
Launcher Type: SUN_STANDARD

[Global flags]
     intx CICompilerCount                          = 3                                         {product} {ergonomic}
     uint ConcGCThreads                            = 1                                         {product} {ergonomic}
     uint G1ConcRefinementThreads                  = 4                                         {product} {ergonomic}
   size_t G1HeapRegionSize                         = 1048576                                   {product} {ergonomic}
    uintx GCDrainStackTargetSize                   = 64                                        {product} {ergonomic}
   size_t InitialHeapSize                          = 268435456                                 {product} {ergonomic}
   size_t MarkStackSize                            = 4194304                                   {product} {ergonomic}
   size_t MaxHeapSize                              = 4263510016                                {product} {ergonomic}
   size_t MinHeapDeltaBytes                        = 1048576                                   {product} {ergonomic}
    uintx NonNMethodCodeHeapSize                   = 5830732                                {pd product} {ergonomic}
    uintx NonProfiledCodeHeapSize                  = 122913754                              {pd product} {ergonomic}
    uintx ProfiledCodeHeapSize                     = 122913754                              {pd product} {ergonomic}
    uintx ReservedCodeCacheSize                    = 251658240                              {pd product} {ergonomic}
     bool SegmentedCodeCache                       = true                                      {product} {ergonomic}
     bool UseCompressedClassPointers               = true                                 {lp64_product} {ergonomic}
     bool UseCompressedOops                        = true                                 {lp64_product} {ergonomic}
     bool UseG1GC                                  = true                                      {product} {ergonomic}
     bool UseLargePagesIndividualAllocation        = false                                  {pd product} {ergonomic}

Logging:
Log output configuration:
 #0: stdout all=warning uptime,level,tags
 #1: stderr all=off uptime,level,tags

Environment Variables:
JAVA_HOME=C:\Program Files\Java\jdk-14.0.1
PATH=D:\Git\mingw64\libexec\git-core;D:\Git\mingw64\libexec\git-core;D:\Git\mingw64\bin;D:\Git\usr\bin;C:\Users\Administrator\bin;C:\Windows\system32;C:\Windows;C:\Windows\System32\Wbem;C:\Windows\System32\WindowsPowerShell\v1.0;C:\Windows\System32\OpenSSH;D:\putty;C:\Program Files\VisualSVN Server\bin;C:\Program Files\TortoiseSVN\bin;D:\SSH_1\bin;ogram Files\IDM Computer Solutions\UltraCompare;D:\phpstudy_pro\Extensions\MySQL8.0.12\bin;D:\phpstudy_pro\Extensions\php\php8.0.2nts;C:\Program Files\nodejs;C:\Program Files\Java\jdk-14.0.1\bin;C:\composer;C:\Program Files\Redis;D:\Git\cmd;D:\bin;D:\phpstudy_pro\WWW\hbcall\public\static\audio\adb;C:\Windows\system32\config\systemprofile\.dnx\bin;C:\Program Files\Microsoft DNX\Dnvm;C:\Program Files\Microsoft SQL Server\120\Tools\Binn;C:\Program Files\Microsoft SQL Server\130\Tools\Binn;D:\mongodb\bin;C:\Program Files\dotnet;D:\software\node-v16.13.1-win-x64;D:\lqpfile\nginx-1.19.5;D:\software;C:\Users\Administrator\AppData\Local\Microsoft\WindowsApps;C:\Users\Administrator\AppData\Roaming\Composer\vendor\bin;D:\ssh;C:\Program Files\JetBrains\IntelliJ IDEA 2020.1\bin;C:\Program Files\JetBrains\PhpStorm 2020.1\bin;C:\Users\Administrator\AppData\Local\Programs\Microsoft VS Code\bin
USERNAME=Administrator
DISPLAY=:0.0
LC_ALL=en_US.UTF-8
OS=Windows_NT
PROCESSOR_IDENTIFIER=Intel64 Family 6 Model 158 Stepping 10, GenuineIntel



---------------  S Y S T E M  ---------------

OS: Windows 10 , 64 bit Build 17763 (10.0.17763.2686)
OS uptime: 2 days 8:59 hours

CPU:total 4 (initial active 4) (2 cores per cpu, 2 threads per core) family 6 model 158 stepping 10 microcode 0xde, cmov, cx8, fxsr, mmx, sse, sse2, sse3, ssse3, sse4.1, sse4.2, popcnt, aes, clmul, erms, 3dnowpref, lzcnt, ht, tsc, tscinvbit

Memory: 4k page, system-wide physical 16257M (840M free)
TotalPageFile size 20326M (AvailPageFile size 161M)
current process WorkingSet (physical memory assigned to process): 12M, peak: 12M
current process commit charge ("private bytes"): 52M, peak: 308M

vm_info: OpenJDK 64-Bit Server VM (11.0.12+7-b1504.40) for windows-amd64 JRE (11.0.12+7-b1504.40), built on Sep 23 2021 14:38:03 by "" with MS VC++ 14.0 (VS2015)

END.
